Arguments: 
  /usr/local/Cellar/node/8.4.0/bin/node /Users/martinagnalv/.yarn/bin/yarn.js

PATH: 
  /Library/Frameworks/Python.framework/Versions/3.6/bin:/Users/martinagnalv/.yarn/bin:/Library/Frameworks/Python.framework/Versions/3.5/bin:~/.local/bin:/Users/martinagnalv/.fastlane/bin:/Users/martinagnalv/Library/Android/sdk/tools:/Users/martinagnalv/Library/Android/sdk/platform-tools:/usr/local/bin:/usr/bin:/bin:/usr/sbin:/sbin:/Library/Frameworks/Mono.framework/Versions/Current/Commands:/Applications/Wireshark.app/Contents/MacOS

Yarn version: 
  1.6.0

Node version: 
  8.6.0

Platform: 
  darwin x64

Trace: 
  Error: EACCES: permission denied, unlink '/Users/martinagnalv/Desktop/gimi-standup/node_modules/chrome-cli/chrome'

npm manifest: 
  {
    "name": "gimi-standup",
    "version": "1.0.0",
    "main": "index.js",
    "license": "MIT",
    "scripts": {
      "postinstall": "sudo npm i -g chrome-cli",
      "start": "node index.js"
    },
    "dependencies": {
      "chrome-cli": "^1.1.1",
      "git-standup": "git+https://github.com/gimi-org/git-standup",
      "npm": "^6.0.1"
    }
  }

yarn manifest: 
  No manifest

Lockfile: 
  # THIS IS AN AUTOGENERATED FILE. DO NOT EDIT THIS FILE DIRECTLY.
  # yarn lockfile v1
  
  
  chrome-cli@^1.1.1:
    version "1.1.1"
    resolved "https://registry.yarnpkg.com/chrome-cli/-/chrome-cli-1.1.1.tgz#5800579fb1bf14403eb45a977e18dd0edd7c7bfb"
  
  "git-standup@git+https://github.com/gimi-org/git-standup":
    version "2.1.8"
    resolved "git+https://github.com/gimi-org/git-standup#2382f1f59eeaf5f1703bc7cf3276cf54d166d369"
